This is XeTeX, Version 3.14159265-2.6-0.99996 (TeX Live 2016/Arch Linux) (preloaded format=xelatex 2017.1.20)  28 FEB 2017 10:22
entering extended mode
 restricted \write18 enabled.
 %&-line parsing enabled.
**examplearticle.tex
(./examplearticle.tex
LaTeX2e <2016/03/31> patch level 3
Babel <3.9r> and hyphenation patterns for 83 language(s) loaded.
(/usr/share/texmf-dist/tex/latex/base/article.cls
Document Class: article 2014/09/29 v1.4h Standard LaTeX document class
(/usr/share/texmf-dist/tex/latex/base/size12.clo
File: size12.clo 2014/09/29 v1.4h Standard LaTeX file (size option)
)
\c@part=\count79
\c@section=\count80
\c@subsection=\count81
\c@subsubsection=\count82
\c@paragraph=\count83
\c@subparagraph=\count84
\c@figure=\count85
\c@table=\count86
\abovecaptionskip=\skip41
\belowcaptionskip=\skip42
\bibindent=\dimen102
)
No file examplearticle.aux.
\openout1 = `examplearticle.aux'.

LaTeX Font Info:    Checking defaults for OML/cmm/m/it on input line 31.
LaTeX Font Info:    ... okay on input line 31.
LaTeX Font Info:    Checking defaults for T1/cmr/m/n on input line 31.
LaTeX Font Info:    ... okay on input line 31.
LaTeX Font Info:    Checking defaults for OT1/cmr/m/n on input line 31.
LaTeX Font Info:    ... okay on input line 31.
LaTeX Font Info:    Checking defaults for OMS/cmsy/m/n on input line 31.
LaTeX Font Info:    ... okay on input line 31.
LaTeX Font Info:    Checking defaults for OMX/cmex/m/n on input line 31.
LaTeX Font Info:    ... okay on input line 31.
LaTeX Font Info:    Checking defaults for U/cmr/m/n on input line 31.
LaTeX Font Info:    ... okay on input line 31.
LaTeX Font Info:    External font `cmex10' loaded for size
(Font)              <20.74> on input line 35.
LaTeX Font Info:    External font `cmex10' loaded for size
(Font)              <14.4> on input line 35.
LaTeX Font Info:    External font `cmex10' loaded for size
(Font)              <12> on input line 35.
LaTeX Font Info:    External font `cmex10' loaded for size
(Font)              <7> on input line 35.
LaTeX Font Info:    External font `cmex10' loaded for size
(Font)              <10.95> on input line 35.
LaTeX Font Info:    External font `cmex10' loaded for size
(Font)              <8> on input line 35.
LaTeX Font Info:    External font `cmex10' loaded for size
(Font)              <6> on input line 35.
[1

] [1]

LaTeX Warning: Reference `book' on page 2 undefined on input line 64.


LaTeX Warning: Reference `report' on page 2 undefined on input line 64.


LaTeX Warning: Reference `letter' on page 2 undefined on input line 64.


LaTeX Warning: Reference `documentclasses' on page 2 undefined on input line 65
.


LaTeX Warning: Reference `conclusions' on page 2 undefined on input line 66.

LaTeX Font Info:    Try loading font information for OMS+cmr on input line 73.
(/usr/share/texmf-dist/tex/latex/base/omscmr.fd
File: omscmr.fd 2014/09/29 v2.5h Standard LaTeX font definitions
)
LaTeX Font Info:    Font shape `OMS/cmr/m/n' in size <12> not available
(Font)              Font shape `OMS/cmsy/m/n' tried instead on input line 73.
 [2]
Underfull \hbox (badness 1460) in paragraph at lines 101--102
[]\OT1/cmr/m/n/12 and p for
 []


Underfull \hbox (badness 10000) in paragraph at lines 101--102
\OT1/cmr/m/n/12 pre-de-fined
 []


LaTeX Warning: Citation `doe' on page 3 undefined on input line 113.

[3] (./examplearticle.aux)

LaTeX Warning: There were undefined references.


LaTeX Warning: Label(s) may have changed. Rerun to get cross-references right.

 ) 
Here is how much of TeX's memory you used:
 265 strings out of 493589
 2949 string characters out of 6148800
 56785 words of memory out of 5000000
 3750 multiletter control sequences out of 15000+600000
 11038 words of font info for 38 fonts, out of 8000000 for 9000
 1347 hyphenation exceptions out of 8191
 24i,8n,19p,191b,190s stack positions out of 5000i,500n,10000p,200000b,80000s

Output written on examplearticle.pdf (4 pages).
